[debug] [2025-03-24T18:25:19.176Z] ----------------------------------------------------------------------
[debug] [2025-03-24T18:25:19.191Z] Command:       /Users/winstonjordan/.nvm/versions/node/v22.14.0/bin/node /Users/winstonjordan/.nvm/versions/node/v22.14.0/bin/firebase init
[debug] [2025-03-24T18:25:19.192Z] CLI Version:   13.31.1
[debug] [2025-03-24T18:25:19.192Z] Platform:      darwin
[debug] [2025-03-24T18:25:19.192Z] Node Version:  v22.14.0
[debug] [2025-03-24T18:25:19.193Z] Time:          Mon Mar 24 2025 14:25:19 GMT-0400 (Eastern Daylight Time)
[debug] [2025-03-24T18:25:19.193Z] ----------------------------------------------------------------------
[debug] 
[debug] [2025-03-24T18:25:19.205Z] > command requires scopes: ["email","openid","https://www.googleapis.com/auth/cloudplatformprojects.readonly","https://www.googleapis.com/auth/firebase","https://www.googleapis.com/auth/cloud-platform"]
[debug] [2025-03-24T18:25:19.205Z] > authorizing via signed-in user (123yesitsme@gmail.com)
[info] 
     ######## #### ########  ######## ########     ###     ######  ########
     ##        ##  ##     ## ##       ##     ##  ##   ##  ##       ##
     ######    ##  ########  ######   ########  #########  ######  ######
     ##        ##  ##    ##  ##       ##     ## ##     ##       ## ##
     ##       #### ##     ## ######## ########  ##     ##  ######  ########

You're about to initialize a Firebase project in this directory:

  /Users/winstonjordan/magicmikeW5

[info] 
=== Project Setup
[info] 
[info] First, let's associate this project directory with a Firebase project.
[info] You can create multiple project aliases by running firebase use --add, 
[info] but for now we'll just set up a default project.
[info] 
[info] i  If you want to create a project in a Google Cloud organization or folder, please use "firebase projects:create" instead, and return to this command when you've created the project. 
[debug] [2025-03-24T18:27:08.876Z] Checked if tokens are valid: true, expires at: 1742844029049
[debug] [2025-03-24T18:27:08.876Z] Checked if tokens are valid: true, expires at: 1742844029049
[debug] [2025-03-24T18:27:08.878Z] >>> [apiv2][query] POST https://cloudresourcemanager.googleapis.com/v1/projects [none]
[debug] [2025-03-24T18:27:08.878Z] >>> [apiv2][body] POST https://cloudresourcemanager.googleapis.com/v1/projects {"projectId":"magicmikeW5","name":"magicmikeW5"}
[debug] [2025-03-24T18:27:09.306Z] <<< [apiv2][status] POST https://cloudresourcemanager.googleapis.com/v1/projects 400
[debug] [2025-03-24T18:27:09.307Z] <<< [apiv2][body] POST https://cloudresourcemanager.googleapis.com/v1/projects {"error":{"code":400,"message":"field [project_id] has issue [project_id contains invalid characters]","status":"INVALID_ARGUMENT","details":[{"@type":"type.googleapis.com/google.rpc.BadRequest","fieldViolations":[{"field":"project_id","description":"project_id contains invalid characters"}]},{"@type":"type.googleapis.com/google.rpc.Help","links":[{"url":"https://cloud.google.com/resource-manager/reference/rest/v1/projects"}]}]}}
[debug] [2025-03-24T18:27:09.481Z] FirebaseError: Request to https://cloudresourcemanager.googleapis.com/v1/projects had HTTP Error: 400, field [project_id] has issue [project_id contains invalid characters]
    at responseToError (/Users/winstonjordan/.nvm/versions/node/v22.14.0/lib/node_modules/firebase-tools/lib/responseToError.js:52:12)
    at RetryOperation._fn (/Users/winstonjordan/.nvm/versions/node/v22.14.0/lib/node_modules/firebase-tools/lib/apiv2.js:312:77)
    at process.processTicksAndRejections (node:internal/process/task_queues:105:5)
[error] 
[error] Error: Failed to create project. See firebase-debug.log for more info.
[debug] [2025-03-24T18:27:25.044Z] ----------------------------------------------------------------------
[debug] [2025-03-24T18:27:25.050Z] Command:       /Users/winstonjordan/.nvm/versions/node/v22.14.0/bin/node /Users/winstonjordan/.nvm/versions/node/v22.14.0/bin/firebase init
[debug] [2025-03-24T18:27:25.051Z] CLI Version:   13.31.1
[debug] [2025-03-24T18:27:25.051Z] Platform:      darwin
[debug] [2025-03-24T18:27:25.051Z] Node Version:  v22.14.0
[debug] [2025-03-24T18:27:25.052Z] Time:          Mon Mar 24 2025 14:27:25 GMT-0400 (Eastern Daylight Time)
[debug] [2025-03-24T18:27:25.052Z] ----------------------------------------------------------------------
[debug] 
[debug] [2025-03-24T18:27:25.063Z] > command requires scopes: ["email","openid","https://www.googleapis.com/auth/cloudplatformprojects.readonly","https://www.googleapis.com/auth/firebase","https://www.googleapis.com/auth/cloud-platform"]
[debug] [2025-03-24T18:27:25.064Z] > authorizing via signed-in user (123yesitsme@gmail.com)
[info] 
     ######## #### ########  ######## ########     ###     ######  ########
     ##        ##  ##     ## ##       ##     ##  ##   ##  ##       ##
     ######    ##  ########  ######   ########  #########  ######  ######
     ##        ##  ##    ##  ##       ##     ## ##     ##       ## ##
     ##       #### ##     ## ######## ########  ##     ##  ######  ########

You're about to initialize a Firebase project in this directory:

  /Users/winstonjordan/magicmikeW5

[info] 
=== Project Setup
[info] 
[info] First, let's associate this project directory with a Firebase project.
[info] You can create multiple project aliases by running firebase use --add, 
[info] but for now we'll just set up a default project.
[info] 
[debug] [2025-03-24T18:27:39.178Z] Checked if tokens are valid: true, expires at: 1742844029049
[debug] [2025-03-24T18:27:39.178Z] Checked if tokens are valid: true, expires at: 1742844029049
[debug] [2025-03-24T18:27:39.182Z] >>> [apiv2][query] GET https://firebase.googleapis.com/v1beta1/projects pageSize=100
[debug] [2025-03-24T18:27:39.870Z] <<< [apiv2][status] GET https://firebase.googleapis.com/v1beta1/projects 200
[debug] [2025-03-24T18:27:39.871Z] <<< [apiv2][body] GET https://firebase.googleapis.com/v1beta1/projects [omitted]
[info] i  Using project reactproject-ee6d8 (reactproject) 
[info] 
=== Hosting Setup
[debug] [2025-03-24T18:27:46.886Z] Checked if tokens are valid: true, expires at: 1742844029049
[debug] [2025-03-24T18:27:46.886Z] Checked if tokens are valid: true, expires at: 1742844029049
[debug] [2025-03-24T18:27:46.887Z] >>> [apiv2][query] GET https://firebase.googleapis.com/v1beta1/projects/reactproject-ee6d8 [none]
[debug] [2025-03-24T18:27:47.414Z] <<< [apiv2][status] GET https://firebase.googleapis.com/v1beta1/projects/reactproject-ee6d8 200
[debug] [2025-03-24T18:27:47.415Z] <<< [apiv2][body] GET https://firebase.googleapis.com/v1beta1/projects/reactproject-ee6d8 {"projectId":"reactproject-ee6d8","projectNumber":"204724224059","displayName":"reactproject","name":"projects/reactproject-ee6d8","resources":{"hostingSite":"reactproject-ee6d8"},"state":"ACTIVE","etag":"1_16449dbb-d279-4650-98fe-50860e0ded07"}
[info] 
[info] Your public directory is the folder (relative to your project directory) that
[info] will contain Hosting assets to be uploaded with firebase deploy. If you
[info] have a build process for your assets, use your build's output directory.
[info] 
[debug] [2025-03-24T18:28:36.842Z] >>> [apiv2][query] GET https://www.gstatic.com/firebasejs/releases.json [none]
[debug] [2025-03-24T18:28:36.985Z] <<< [apiv2][status] GET https://www.gstatic.com/firebasejs/releases.json 200
[debug] [2025-03-24T18:28:36.985Z] <<< [apiv2][body] GET https://www.gstatic.com/firebasejs/releases.json {"current":{"version":"11.5.0","browserURL":"https://www.gstatic.com/firebasejs/11.5.0/firebase.js","packageURL":"https://www.gstatic.com/firebasejs/11.5.0/firebase.tgz"},"live":{"version":"11.5","browserURL":"https://www.gstatic.com/firebasejs/live/11.5/firebase.js","packageURL":"https://www.gstatic.com/firebasejs/live/11.5/firebase.tgz"},"components":{"analytics":"https://www.gstatic.com/firebasejs/11.5.0/firebase-analytics.js","app":"https://www.gstatic.com/firebasejs/11.5.0/firebase-app.js","app-check":"https://www.gstatic.com/firebasejs/11.5.0/firebase-app-check.js","auth":"https://www.gstatic.com/firebasejs/11.5.0/firebase-auth.js","auth/cordova":"https://www.gstatic.com/firebasejs/11.5.0/firebase-auth/cordova.js","auth/web-extension":"https://www.gstatic.com/firebasejs/11.5.0/firebase-auth/web-extension.js","functions":"https://www.gstatic.com/firebasejs/11.5.0/firebase-functions.js","firestore":"https://www.gstatic.com/firebasejs/11.5.0/firebase-firestore.js","firestore/lite":"https://www.gstatic.com/firebasejs/11.5.0/firebase-firestore/lite.js","installations":"https://www.gstatic.com/firebasejs/11.5.0/firebase-installations.js","storage":"https://www.gstatic.com/firebasejs/11.5.0/firebase-storage.js","performance":"https://www.gstatic.com/firebasejs/11.5.0/firebase-performance.js","remote-config":"https://www.gstatic.com/firebasejs/11.5.0/firebase-remote-config.js","messaging":"https://www.gstatic.com/firebasejs/11.5.0/firebase-messaging.js","messaging/sw":"https://www.gstatic.com/firebasejs/11.5.0/firebase-messaging/sw.js","database":"https://www.gstatic.com/firebasejs/11.5.0/firebase-database.js","vertexai":"https://www.gstatic.com/firebasejs/11.5.0/firebase-vertexai.js","data-connect":"https://www.gstatic.com/firebasejs/11.5.0/firebase-data-connect.js","firestore.memory":"https://www.gstatic.com/firebasejs/11.5.0/firebase-firestore.memory.js"}}
[info] ✔  Wrote public/index.html 
[info] 
[info] i  Detected a .git folder at /Users/winstonjordan/magicmikeW5 
[info] i  Authorizing with GitHub to upload your service account to a GitHub repository's secrets store. 
[info] 
[info] Visit this URL on this device to log in:
[info] https://github.com/login/oauth/authorize?client_id=89cf50f02ac6aaed3484&state=205261555&redirect_uri=http%3A%2F%2Flocalhost%3A9005&scope=read%3Auser%20repo%20public_repo
[info] 
[info] Waiting for authentication...
[debug] [2025-03-24T18:28:53.176Z] >>> [apiv2][query] POST https://github.com/login/oauth/access_token [none]
[debug] [2025-03-24T18:28:53.177Z] >>> [apiv2][body] POST https://github.com/login/oauth/access_token [stream]
[debug] [2025-03-24T18:28:53.592Z] <<< [apiv2][status] POST https://github.com/login/oauth/access_token 200
[debug] [2025-03-24T18:28:53.593Z] <<< [apiv2][body] POST https://github.com/login/oauth/access_token {"access_token":"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","token_type":"bearer","scope":"read:user,repo"}
[debug] [2025-03-24T18:28:53.629Z] >>> [apiv2][query] GET https://api.github.com/user [none]
[debug] [2025-03-24T18:28:54.107Z] <<< [apiv2][status] GET https://api.github.com/user 200
[debug] [2025-03-24T18:28:54.107Z] <<< [apiv2][body] GET https://api.github.com/user {"login":"winwin137","id":196636731,"node_id":"U_kgDOC7hwOw","avatar_url":"https://avatars.githubusercontent.com/u/196636731?v=4","gravatar_id":"","url":"https://api.github.com/users/winwin137","html_url":"https://github.com/winwin137","followers_url":"https://api.github.com/users/winwin137/followers","following_url":"https://api.github.com/users/winwin137/following{/other_user}","gists_url":"https://api.github.com/users/winwin137/gists{/gist_id}","starred_url":"https://api.github.com/users/winwin137/starred{/owner}{/repo}","subscriptions_url":"https://api.github.com/users/winwin137/subscriptions","organizations_url":"https://api.github.com/users/winwin137/orgs","repos_url":"https://api.github.com/users/winwin137/repos","events_url":"https://api.github.com/users/winwin137/events{/privacy}","received_events_url":"https://api.github.com/users/winwin137/received_events","type":"User","user_view_type":"private","site_admin":false,"name":null,"company":null,"blog":"","location":null,"email":null,"hireable":null,"bio":null,"twitter_username":null,"notification_email":null,"public_repos":0,"public_gists":0,"followers":0,"following":0,"created_at":"2025-01-27T11:20:31Z","updated_at":"2025-03-14T19:14:07Z","private_gists":0,"total_private_repos":2,"owned_private_repos":2,"disk_usage":506,"collaborators":0,"two_factor_authentication":false,"plan":{"name":"free","space":976562499,"collaborators":0,"private_repos":10000}}
[info] 
[info] ✔  Success! Logged into GitHub as winwin137 
[info] 
